<?xml version="1.0" encoding="UTF-8"?>
<!-- Generated by org.testng.reporters.JUnitXMLReporter -->
<testsuite hostname="OWNER-PC" name="FireFoxTests" tests="2" failures="1" timestamp="8 Nov 2015 16:21:12 GMT" time="2.837" errors="0">
  <testcase name="getTitleTestFail" time="0.011" classname="com.hogai.webtest.search.BasicTest">
    <failure type="java.lang.AssertionError" message="PageTitle Mismatches expected [true] but found [false]">
      <![CDATA[java.lang.AssertionError: PageTitle Mismatches expected [true] but found [false]
	at com.hogai.webtest.search.BasicTest.getTitleTestFail(BasicTest.java:65)
... Removed 27 stack frames]]>
    </failure>
  </testcase> <!-- getTitleTestFail -->
  <testcase name="getTitleTestPass" time="0.001" classname="com.hogai.webtest.search.BasicTest"/>
</testsuite> <!-- FireFoxTests -->
