<?xml version="1.0" encoding="UTF-8"?>
<testng-results skipped="0" failed="0" total="1" passed="1">
  <reporter-output>
  </reporter-output>
  <suite name="WebTestSuite" duration-ms="4448" started-at="2015-10-29T21:31:02Z" finished-at="2015-10-29T21:31:07Z">
    <groups>
    </groups>
    <test name="FireFoxTests" duration-ms="4448" started-at="2015-10-29T21:31:02Z" finished-at="2015-10-29T21:31:07Z">
      <class name="com.hogai.webtest.search.PhantomJSTest">
        <test-method status="PASS" signature="getTitleTest()[pri:0, instance:com.hogai.webtest.search.PhantomJSTest@4e731c20]" name="getTitleTest" duration-ms="4409" started-at="2015-10-29T14:31:02Z" finished-at="2015-10-29T14:31:06Z">
          <reporter-output>
          </reporter-output>
        </test-method> <!-- getTitleTest -->
        <test-method status="PASS" signature="tearDown()[pri:0, instance:com.hogai.webtest.search.PhantomJSTest@4e731c20]" name="tearDown" is-config="true" duration-ms="1" started-at="2015-10-29T14:31:07Z" finished-at="2015-10-29T14:31:07Z">
          <reporter-output>
          </reporter-output>
        </test-method> <!-- tearDown -->
      </class> <!-- com.hogai.webtest.search.PhantomJSTest -->
    </test> <!-- FireFoxTests -->
  </suite> <!-- WebTestSuite -->
  <suite name="WebTestSuite-Main" duration-ms="0" started-at="2015-10-29T21:31:07Z" finished-at="2015-10-29T21:31:07Z">
    <groups>
    </groups>
  </suite> <!-- WebTestSuite-Main -->
</testng-results>
