<?xml version="1.0" encoding="UTF-8"?>
<testng-results skipped="0" failed="0" total="1" passed="1">
  <reporter-output>
  </reporter-output>
  <suite name="WebTestSuite" duration-ms="3384" started-at="2015-10-29T21:27:56Z" finished-at="2015-10-29T21:27:59Z">
    <groups>
    </groups>
    <test name="FireFoxTests" duration-ms="3384" started-at="2015-10-29T21:27:56Z" finished-at="2015-10-29T21:27:59Z">
      <class name="com.hogai.webtest.search.PhantomJSTest">
        <test-method status="PASS" signature="getTitleTest()[pri:0, instance:com.hogai.webtest.search.PhantomJSTest@c184a81]" name="getTitleTest" duration-ms="3358" started-at="2015-10-29T14:27:56Z" finished-at="2015-10-29T14:27:59Z">
          <reporter-output>
          </reporter-output>
        </test-method> <!-- getTitleTest -->
        <test-method status="PASS" signature="tearDown()[pri:0, instance:com.hogai.webtest.search.PhantomJSTest@c184a81]" name="tearDown" is-config="true" duration-ms="1" started-at="2015-10-29T14:27:59Z" finished-at="2015-10-29T14:27:59Z">
          <reporter-output>
          </reporter-output>
        </test-method> <!-- tearDown -->
      </class> <!-- com.hogai.webtest.search.PhantomJSTest -->
    </test> <!-- FireFoxTests -->
  </suite> <!-- WebTestSuite -->
</testng-results>
